0 info it worked if it ends with ok
1 verbose cli [ '/usr/local/bin/node', '/usr/local/bin/npm', 'run', 'debug' ]
2 info using npm@3.10.3
3 info using node@v4.4.5
4 verbose run-script [ 'predebug', 'debug', 'postdebug' ]
5 info lifecycle vs-backend@0.0.0~predebug: vs-backend@0.0.0
6 silly lifecycle vs-backend@0.0.0~predebug: no script for predebug, continuing
7 info lifecycle vs-backend@0.0.0~debug: vs-backend@0.0.0
8 verbose lifecycle vs-backend@0.0.0~debug: unsafe-perm in lifecycle true
9 verbose lifecycle vs-backend@0.0.0~debug: PATH: /usr/local/lib/node_modules/npm/bin/node-gyp-bin:/Users/shenxinxu/projects/vs-backend/node_modules/.bin:/usr/local/bin:/Users/shenxinxu/.rvm/gems/ruby-2.3.0/bin:/Users/shenxinxu/.rvm/gems/ruby-2.3.0@global/bin:/Users/shenxinxu/.rvm/rubies/ruby-2.3.0/bin:/usr/local/bin:/usr/bin:/bin:/usr/sbin:/sbin:/Users/shenxinxu/.rvm/bin
10 verbose lifecycle vs-backend@0.0.0~debug: CWD: /Users/shenxinxu/projects/vs-backend
11 silly lifecycle vs-backend@0.0.0~debug: Args: [ '-c', 'supervisor ./bin/www' ]
12 silly lifecycle vs-backend@0.0.0~debug: Returned: code: 1  signal: null
13 info lifecycle vs-backend@0.0.0~debug: Failed to exec debug script
14 verbose stack Error: vs-backend@0.0.0 debug: `supervisor ./bin/www`
14 verbose stack Exit status 1
14 verbose stack     at EventEmitter.<anonymous> (/usr/local/lib/node_modules/npm/lib/utils/lifecycle.js:242:16)
14 verbose stack     at emitTwo (events.js:87:13)
14 verbose stack     at EventEmitter.emit (events.js:172:7)
14 verbose stack     at ChildProcess.<anonymous> (/usr/local/lib/node_modules/npm/lib/utils/spawn.js:40:14)
14 verbose stack     at emitTwo (events.js:87:13)
14 verbose stack     at ChildProcess.emit (events.js:172:7)
14 verbose stack     at maybeClose (internal/child_process.js:827:16)
14 verbose stack     at Process.ChildProcess._handle.onexit (internal/child_process.js:211:5)
15 verbose pkgid vs-backend@0.0.0
16 verbose cwd /Users/shenxinxu/projects/vs-backend
17 error Darwin 15.5.0
18 error argv "/usr/local/bin/node" "/usr/local/bin/npm" "run" "debug"
19 error node v4.4.5
20 error npm  v3.10.3
21 error code ELIFECYCLE
22 error vs-backend@0.0.0 debug: `supervisor ./bin/www`
22 error Exit status 1
23 error Failed at the vs-backend@0.0.0 debug script 'supervisor ./bin/www'.
23 error Make sure you have the latest version of node.js and npm installed.
23 error If you do, this is most likely a problem with the vs-backend package,
23 error not with npm itself.
23 error Tell the author that this fails on your system:
23 error     supervisor ./bin/www
23 error You can get information on how to open an issue for this project with:
23 error     npm bugs vs-backend
23 error Or if that isn't available, you can get their info via:
23 error     npm owner ls vs-backend
23 error There is likely additional logging output above.
24 verbose exit [ 1, true ]
